TN:
SF:src\modules\appointments\services\CreateAppointmentService.ts
FN:16,(anonymous_18)
FN:17,CreateAppointmentService
FN:24,(anonymous_20)
FNF:3
FNH:3
FNDA:1,(anonymous_18)
FNDA:6,CreateAppointmentService
FNDA:8,(anonymous_20)
DA:1,1
DA:3,1
DA:4,1
DA:6,1
DA:16,1
DA:19,6
DA:21,6
DA:24,1
DA:25,8
DA:26,8
DA:27,8
DA:29,8
DA:31,8
DA:35,8
DA:36,1
DA:39,7
DA:40,1
DA:43,6
DA:44,1
DA:49,5
DA:50,1
DA:53,4
DA:54,1
DA:57,3
DA:63,3
DA:65,6
DA:70,3
DA:72,1
DA:74,1
LF:29
LH:29
BRDA:35,0,0,1
BRDA:35,0,1,7
BRDA:39,1,0,1
BRDA:39,1,1,6
BRDA:43,2,0,1
BRDA:43,2,1,5
BRDA:49,3,0,1
BRDA:49,3,1,4
BRDA:53,4,0,1
BRDA:53,4,1,3
BRF:10
BRH:10
end_of_record
TN:
SF:src\modules\appointments\services\ListProviderAppointmentsService.ts
FN:14,(anonymous_17)
FN:15,ListProviderAppointmentsService
FN:20,(anonymous_19)
FNF:3
FNH:3
FNDA:1,(anonymous_17)
FNDA:1,ListProviderAppointmentsService
FNDA:1,(anonymous_19)
DA:1,1
DA:14,1
DA:17,1
DA:20,1
DA:21,1
DA:22,1
DA:23,1
DA:24,1
DA:26,1
DA:35,1
DA:37,1
DA:39,1
LF:12
LH:12
BRDA:26,0,0,1
BRF:1
BRH:1
end_of_record
TN:
SF:src\modules\appointments\services\ListProviderDayAvailability.ts
FN:21,(anonymous_17)
FN:22,ListProviderDayAvailability
FN:27,(anonymous_19)
FN:46,(anonymous_22)
FN:51,(anonymous_23)
FN:53,(anonymous_24)
FNF:6
FNH:6
FNDA:1,(anonymous_17)
FNDA:1,ListProviderDayAvailability
FNDA:1,(anonymous_19)
FNDA:10,(anonymous_22)
FNDA:10,(anonymous_23)
FNDA:34,(anonymous_24)
DA:1,1
DA:4,1
DA:21,1
DA:24,1
DA:27,1
DA:28,1
DA:29,1
DA:30,1
DA:31,1
DA:33,1
DA:42,1
DA:44,1
DA:46,10
DA:49,1
DA:51,1
DA:52,10
DA:53,34
DA:56,10
DA:58,10
DA:65,1
DA:67,1
DA:69,1
LF:22
LH:22
BRDA:33,0,0,1
BRDA:61,1,0,10
BRDA:61,1,1,6
BRF:3
BRH:3
end_of_record
TN:
SF:src\modules\appointments\services\ListProviderMonthsAvailability.ts
FN:20,(anonymous_17)
FN:21,ListProviderMounthsAvailability
FN:26,(anonymous_19)
FN:43,(anonymous_22)
FN:46,(anonymous_23)
FN:48,(anonymous_24)
FNF:6
FNH:6
FNDA:1,(anonymous_17)
FNDA:1,ListProviderMounthsAvailability
FNDA:1,(anonymous_19)
FNDA:31,(anonymous_22)
FNDA:31,(anonymous_23)
FNDA:372,(anonymous_24)
DA:1,1
DA:4,1
DA:20,1
DA:23,1
DA:26,1
DA:27,1
DA:28,1
DA:29,1
DA:31,1
DA:39,1
DA:41,1
DA:43,31
DA:46,1
DA:47,31
DA:49,372
DA:53,31
DA:59,1
DA:61,1
DA:63,1
LF:19
LH:19
BRDA:31,0,0,1
BRF:1
BRH:1
end_of_record
TN:
SF:src\modules\appointments\services\ListProviderServices.ts
FN:11,(anonymous_17)
FN:12,ListProviderService
FN:17,(anonymous_19)
FNF:3
FNH:3
FNDA:1,(anonymous_17)
FNDA:1,ListProviderService
FNDA:1,(anonymous_19)
DA:1,1
DA:11,1
DA:14,1
DA:17,1
DA:18,1
DA:22,1
DA:24,1
DA:26,1
LF:8
LH:8
BRDA:18,0,0,1
BRF:1
BRH:1
end_of_record
TN:
SF:src\modules\users\services\AuthenticateUserService.ts
FN:19,(anonymous_18)
FN:20,CreateAppointmentService
FN:27,(anonymous_20)
FNF:3
FNH:3
FNDA:1,(anonymous_18)
FNDA:3,CreateAppointmentService
FNDA:3,(anonymous_20)
DA:3,1
DA:4,1
DA:5,1
DA:7,1
DA:19,1
DA:22,3
DA:24,3
DA:27,3
DA:28,3
DA:30,3
DA:31,1
DA:34,2
DA:39,2
DA:40,1
DA:43,1
DA:45,1
DA:50,1
DA:52,1
DA:54,1
LF:19
LH:19
BRDA:28,0,0,3
BRDA:30,1,0,1
BRDA:30,1,1,2
BRDA:39,2,0,1
BRDA:39,2,1,1
BRF:5
BRH:5
end_of_record
TN:
SF:src\modules\users\services\CreateUserService.ts
FN:16,(anonymous_18)
FN:17,CreateUserService
FN:24,(anonymous_20)
FNF:3
FNH:3
FNDA:2,(anonymous_18)
FNDA:6,CreateUserService
FNDA:5,(anonymous_20)
DA:3,2
DA:5,2
DA:16,2
DA:19,6
DA:21,6
DA:24,2
DA:25,5
DA:26,5
DA:27,5
DA:28,5
DA:30,5
DA:32,5
DA:33,1
DA:36,4
DA:38,4
DA:45,4
DA:47,2
DA:49,2
LF:18
LH:18
BRDA:30,0,0,5
BRDA:32,1,0,1
BRDA:32,1,1,4
BRF:3
BRH:3
end_of_record
TN:
SF:src\modules\users\services\ResetPasswordService.ts
FN:14,(anonymous_18)
FN:15,ResetPasswordService
FN:24,(anonymous_20)
FNF:3
FNH:3
FNDA:1,(anonymous_18)
FNDA:4,ResetPasswordService
FNDA:4,(anonymous_20)
DA:2,1
DA:4,1
DA:6,1
DA:14,1
DA:17,4
DA:19,4
DA:21,4
DA:24,4
DA:25,4
DA:27,4
DA:28,1
DA:31,3
DA:33,3
DA:34,1
DA:37,2
DA:39,2
DA:41,2
DA:42,1
DA:45,1
DA:47,1
DA:49,1
DA:51,1
LF:22
LH:22
BRDA:25,0,0,4
BRDA:27,1,0,1
BRDA:27,1,1,3
BRDA:33,2,0,1
BRDA:33,2,1,2
BRDA:41,3,0,1
BRDA:41,3,1,1
BRF:7
BRH:7
end_of_record
TN:
SF:src\modules\users\services\SendForgotPasswordEmailService.ts
FN:14,(anonymous_18)
FN:15,SendForgotPasswordEmailService
FN:24,(anonymous_20)
FNF:3
FNH:3
FNDA:1,(anonymous_18)
FNDA:4,SendForgotPasswordEmailService
FNDA:3,(anonymous_20)
DA:2,1
DA:4,1
DA:7,1
DA:14,1
DA:17,4
DA:19,4
DA:21,4
DA:24,3
DA:25,3
DA:27,3
DA:28,1
DA:31,2
DA:33,2
DA:40,4
DA:55,1
DA:57,1
LF:16
LH:16
BRDA:25,0,0,3
BRDA:27,1,0,1
BRDA:27,1,1,2
BRF:3
BRH:3
end_of_record
TN:
SF:src\modules\users\services\ShowProfileService.ts
FN:12,(anonymous_18)
FN:13,ShowProfileService
FN:18,(anonymous_20)
FNF:3
FNH:3
FNDA:1,(anonymous_18)
FNDA:2,ShowProfileService
FNDA:2,(anonymous_20)
DA:1,1
DA:5,1
DA:12,1
DA:15,2
DA:18,2
DA:19,2
DA:21,2
DA:22,1
DA:25,1
DA:27,1
DA:29,1
LF:11
LH:11
BRDA:19,0,0,2
BRDA:21,1,0,1
BRDA:21,1,1,1
BRF:3
BRH:3
end_of_record
TN:
SF:src\modules\users\services\UpdateProfileService.ts
FN:17,(anonymous_18)
FN:18,UpdateProfileService
FN:25,(anonymous_20)
FNF:3
FNH:3
FNDA:1,(anonymous_18)
FNDA:5,UpdateProfileService
FNDA:5,(anonymous_20)
DA:1,1
DA:5,1
DA:17,1
DA:20,5
DA:22,5
DA:25,1
DA:26,5
DA:27,5
DA:28,5
DA:29,5
DA:30,5
DA:31,5
DA:33,5
DA:35,5
DA:36,1
DA:39,4
DA:43,4
DA:44,1
DA:47,4
DA:48,2
DA:52,2
DA:53,1
DA:55,1
DA:58,2
DA:60,4
DA:62,2
DA:64,1
DA:66,1
LF:28
LH:28
BRDA:33,0,0,5
BRDA:35,1,0,1
BRDA:35,1,1,4
BRDA:43,2,0,1
BRDA:43,2,1,3
BRDA:43,3,0,4
BRDA:43,3,1,1
BRDA:47,4,0,1
BRDA:47,4,1,2
BRDA:47,5,0,3
BRDA:47,5,1,2
BRDA:52,6,0,1
BRDA:52,6,1,1
BRF:13
BRH:13
end_of_record
TN:
SF:src\modules\users\services\UpdateUserAvatarService.ts
FN:17,(anonymous_18)
FN:18,UpdateUserAvatarService
FN:25,(anonymous_20)
FNF:3
FNH:3
FNDA:1,(anonymous_18)
FNDA:3,UpdateUserAvatarService
FNDA:4,(anonymous_20)
DA:4,1
DA:9,1
DA:17,1
DA:20,3
DA:22,3
DA:25,4
DA:26,4
DA:28,4
DA:29,1
DA:35,5
DA:36,2
DA:39,6
DA:41,3
DA:43,6
DA:45,3
DA:47,1
DA:49,1
LF:17
LH:17
BRDA:26,0,0,4
BRDA:26,0,1,3
BRDA:28,1,0,1
BRDA:28,1,1,3
BRDA:35,2,0,2
BRDA:35,2,1,1
BRF:6
BRH:6
end_of_record
